<?xml version="1.0" encoding="UTF-8"?>
<coverage generated="1655976846432" clover="3.2.0">
  <project timestamp="1655976846432" name="All files">
    <metrics statements="11" coveredstatements="6" conditionals="2" coveredconditionals="0" methods="3" coveredmethods="2" elements="16" coveredelements="8" complexity="0" loc="11" ncloc="11" packages="1" files="1" classes="1"/>
    <file name="currency.js" path="E:\Codenstuff\Currency\src\js\currency.js">
      <metrics statements="11" coveredstatements="6" conditionals="2" coveredconditionals="0" methods="3" coveredmethods="2"/>
      <line num="22" count="1" type="stmt"/>
      <line num="23" count="1" type="stmt"/>
      <line num="24" count="1" type="stmt"/>
      <line num="25" count="1" type="stmt"/>
      <line num="26" count="0" type="cond" truecount="0" falsecount="2"/>
      <line num="27" count="0" type="stmt"/>
      <line num="28" count="0" type="stmt"/>
      <line num="30" count="0" type="stmt"/>
      <line num="31" count="0" type="stmt"/>
      <line num="34" count="1" type="stmt"/>
      <line num="36" count="1" type="stmt"/>
    </file>
  </project>
</coverage>
