{"E:\\Codenstuff\\Currency\\src\\js\\currency.js": {"path":"E:\\Codenstuff\\Currency\\src\\js\\currency.js","statementMap":{"0":{"start":{"line":22,"column":6},"end":{"line":35,"column":9}},"1":{"start":{"line":23,"column":22},"end":{"line":23,"column":42}},"2":{"start":{"line":24,"column":8},"end":{"line":24,"column":32}},"3":{"start":{"line":25,"column":21},"end":{"line":25,"column":93}},"4":{"start":{"line":26,"column":8},"end":{"line":32,"column":10}},"5":{"start":{"line":27,"column":10},"end":{"line":31,"column":11}},"6":{"start":{"line":28,"column":12},"end":{"line":28,"column":38}},"7":{"start":{"line":30,"column":12},"end":{"line":30,"column":37}},"8":{"start":{"line":33,"column":8},"end":{"line":33,"column":40}},"9":{"start":{"line":34,"column":8},"end":{"line":34,"column":23}}},"fnMap":{"0":{"name":"(anonymous_0)","decl":{"start":{"line":21,"column":4},"end":{"line":21,"column":5}},"loc":{"start":{"line":21,"column":21},"end":{"line":36,"column":5}},"line":21},"1":{"name":"(anonymous_1)","decl":{"start":{"line":22,"column":25},"end":{"line":22,"column":26}},"loc":{"start":{"line":22,"column":51},"end":{"line":35,"column":7}},"line":22},"2":{"name":"(anonymous_2)","decl":{"start":{"line":26,"column":25},"end":{"line":26,"column":26}},"loc":{"start":{"line":26,"column":37},"end":{"line":32,"column":9}},"line":26}},"branchMap":{"0":{"loc":{"start":{"line":27,"column":10},"end":{"line":31,"column":11}},"type":"if","locations":[{"start":{"line":27,"column":10},"end":{"line":31,"column":11}},{"start":{"line":27,"column":10},"end":{"line":31,"column":11}}],"line":27}},"s":{"0":1,"1":1,"2":1,"3":1,"4":1,"5":0,"6":0,"7":0,"8":1,"9":1},"f":{"0":1,"1":1,"2":0},"b":{"0":[0,0]},"_coverageSchema":"43e27e138ebf9cfc5966b082cf9a028302ed4184","hash":"b463a8d761b4d2cff2016b667cb3fb7b07a3bbeb"}
}
